]9;4;3;\]9;4;0;\info: AstrumServer.GameServer[0]
      Astrumç½‘ç»œæœåŠ¡å™¨æ­£åœ¨å¯åŠ¨
info: AstrumServer.GameServer[0]
      æœåŠ¡å™¨é…ç½®: æœ€å¤§çŽ©å®¶æ•°=16, ç«¯å£=8888
info: AstrumServer.GameServer[0]
      Astrumæ¸¸æˆæœåŠ¡å™¨å·²å¯åŠ¨ï¼Œç›‘å¬ç«¯å£: 8888
info: Microsoft.Hosting.Lifetime[0]
      Application started. Press Ctrl+C to shut down.
info: Microsoft.Hosting.Lifetime[0]
      Hosting environment: Production
info: Microsoft.Hosting.Lifetime[0]
      Content root path: D:\Develop\Projects\Astrum\AstrumServer\AstrumServer
info: AstrumServer.GameServer[0]
      å®¢æˆ·ç«¯ 9277061f å·²è¿žæŽ¥
info: AstrumServer.GameServer[0]
      æ¥è‡ªå®¢æˆ·ç«¯ 9277061f çš„æ¶ˆæ¯: {"type":"login","data":{"displayName":""},"error":null,"success":true,"timestamp":"2025-07-31T18:12:30.4974598+08:00"}
info: AstrumServer.GameServer[0]
      æ”¶åˆ°JSONæ¶ˆæ¯: {"type":"login","data":{"displayName":""},"error":null,"success":true,"timestamp":"2025-07-31T18:12:30.4974598+08:00"}
info: AstrumServer.GameServer[0]
      æ¶ˆæ¯ç±»åž‹: 'login', æ•°æ®: {"displayName":""}
info: AstrumServer.GameServer[0]
      å¼€å§‹å¤„ç†ç™»å½•è¯·æ±‚ï¼Œå®¢æˆ·ç«¯ID: 9277061f
info: AstrumServer.GameServer[0]
      è§£æžç™»å½•è¯·æ±‚: DisplayName='null'
info: AstrumServer.GameServer[0]
      åˆ›å»ºæ–°ç”¨æˆ·: Player_64a11451, ID: 64a11451-9e09-4a62-bebd-fab785895a0c
info: AstrumServer.GameServer[0]
      ç”¨æˆ·åˆ›å»ºæˆåŠŸ: Player_64a11451, ID: 64a11451-9e09-4a62-bebd-fab785895a0c
info: AstrumServer.GameServer[0]
      å®¢æˆ·ç«¯ 9277061f ç™»å½•ç”¨æˆ·: Player_64a11451
info: AstrumServer.GameServer[0]
      ç™»å½•æˆåŠŸï¼Œè¿”å›žç”¨æˆ·ä¿¡æ¯
info: AstrumServer.GameServer[0]
      æ¥è‡ªå®¢æˆ·ç«¯ 9277061f çš„æ¶ˆæ¯: {"type":"create_room","data":{"roomName":"\u623F\u95F4_181233","maxPlayers":4},"error":null,"success":true,"timestamp":"2025-07-31T18:12:33.870741+08:00"}
info: AstrumServer.GameServer[0]
      æ”¶åˆ°JSONæ¶ˆæ¯: {"type":"create_room","data":{"roomName":"\u623F\u95F4_181233","maxPlayers":4},"error":null,"success":true,"timestamp":"2025-07-31T18:12:33.870741+08:00"}
info: AstrumServer.GameServer[0]
      æ¶ˆæ¯ç±»åž‹: 'create_room', æ•°æ®: {"roomName":"\u623F\u95F4_181233","maxPlayers":4}
info: AstrumServer.GameServer[0]
      æˆ¿é—´åˆ›å»ºæˆåŠŸ: æˆ¿é—´_181233 (ID: 96620ec1-5b8a-4107-8fdb-cdbc07cccd23) åˆ›å»ºè€…: 64a11451-9e09-4a62-bebd-fab785895a0c
info: AstrumServer.GameServer[0]
      æ¥è‡ªå®¢æˆ·ç«¯ 9277061f çš„æ¶ˆæ¯: {"type":"get_rooms","data":null,"error":null,"success":true,"timestamp":"2025-07-31T18:12:38.0834419+08:00"}
info: AstrumServer.GameServer[0]
      æ”¶åˆ°JSONæ¶ˆæ¯: {"type":"get_rooms","data":null,"error":null,"success":true,"timestamp":"2025-07-31T18:12:38.0834419+08:00"}
info: AstrumServer.GameServer[0]
      æ¶ˆæ¯ç±»åž‹: 'get_rooms', æ•°æ®: (null)
info: AstrumServer.GameServer[0]
      æ¥è‡ªå®¢æˆ·ç«¯ 9277061f çš„æ¶ˆæ¯: {"type":"leave_room","data":{"roomId":""},"error":null,"success":true,"timestamp":"2025-07-31T18:12:47.9692747+08:00"}
info: AstrumServer.GameServer[0]
      æ”¶åˆ°JSONæ¶ˆæ¯: {"type":"leave_room","data":{"roomId":""},"error":null,"success":true,"timestamp":"2025-07-31T18:12:47.9692747+08:00"}
info: AstrumServer.GameServer[0]
      æ¶ˆæ¯ç±»åž‹: 'leave_room', æ•°æ®: {"roomId":""}
info: AstrumServer.GameServer[0]
      ç”¨æˆ· 64a11451-9e09-4a62-bebd-fab785895a0c ç¦»å¼€æˆ¿é—´ 96620ec1-5b8a-4107-8fdb-cdbc07cccd23
info: AstrumServer.GameServer[0]
      æˆ¿é—´ 96620ec1-5b8a-4107-8fdb-cdbc07cccd23 å·²åˆ é™¤ï¼ˆæ— çŽ©å®¶ï¼‰
info: AstrumServer.GameServer[0]
      æ¥è‡ªå®¢æˆ·ç«¯ 9277061f çš„æ¶ˆæ¯: {"type":"get_rooms","data":null,"error":null,"success":true,"timestamp":"2025-07-31T18:12:51.2218061+08:00"}
info: AstrumServer.GameServer[0]
      æ”¶åˆ°JSONæ¶ˆæ¯: {"type":"get_rooms","data":null,"error":null,"success":true,"timestamp":"2025-07-31T18:12:51.2218061+08:00"}
info: AstrumServer.GameServer[0]
      æ¶ˆæ¯ç±»åž‹: 'get_rooms', æ•°æ®: (null)
info: AstrumServer.GameServer[0]
      æ¥è‡ªå®¢æˆ·ç«¯ 9277061f çš„æ¶ˆæ¯: {"type":"create_room","data":{"roomName":"\u623F\u95F4_181255","maxPlayers":4},"error":null,"success":true,"timestamp":"2025-07-31T18:12:55.5658778+08:00"}
info: AstrumServer.GameServer[0]
      æ”¶åˆ°JSONæ¶ˆæ¯: {"type":"create_room","data":{"roomName":"\u623F\u95F4_181255","maxPlayers":4},"error":null,"success":true,"timestamp":"2025-07-31T18:12:55.5658778+08:00"}
info: AstrumServer.GameServer[0]
      æ¶ˆæ¯ç±»åž‹: 'create_room', æ•°æ®: {"roomName":"\u623F\u95F4_181255","maxPlayers":4}
info: AstrumServer.GameServer[0]
      æˆ¿é—´åˆ›å»ºæˆåŠŸ: æˆ¿é—´_181255 (ID: 9ed86210-61f6-4d3d-8ef1-441ddf865257) åˆ›å»ºè€…: 64a11451-9e09-4a62-bebd-fab785895a0c
fail: AstrumServer.GameServer[0]
      å¤„ç†å®¢æˆ·ç«¯ 9277061f æ—¶å‡ºé”™
      System.IO.IOException: Unable to read data from the transport connection: è¿œç¨‹ä¸»æœºå¼ºè¿«å…³é—­äº†ä¸€ä¸ªçŽ°æœ‰çš„è¿žæŽ¥ã€‚.
       ---> System.Net.Sockets.SocketException (10054): è¿œç¨‹ä¸»æœºå¼ºè¿«å…³é—­äº†ä¸€ä¸ªçŽ°æœ‰çš„è¿žæŽ¥ã€‚
         --- End of inner exception stack trace ---
         at System.Net.Sockets.Socket.AwaitableSocketAsyncEventArgs.ThrowException(SocketError error, CancellationToken cancellationToken)
         at System.Net.Sockets.Socket.AwaitableSocketAsyncEventArgs.System.Threading.Tasks.Sources.IValueTaskSource<System.Int32>.GetResult(Int16 token)
         at System.Threading.Tasks.ValueTask`1.ValueTaskSourceAsTask.<>c.<.cctor>b__4_0(Object state)
      --- End of stack trace from previous location ---
         at AstrumServer.GameServer.HandleClientAsync(TcpClient client, String clientId, CancellationToken cancellationToken) in D:\Develop\Projects\Astrum\AstrumServer\AstrumServer\Program.cs:line 109
info: AstrumServer.GameServer[0]
      å®¢æˆ·ç«¯ 9277061f ç™»å‡º
info: AstrumServer.GameServer[0]
      å®¢æˆ·ç«¯ 9277061f å·²æ–­å¼€è¿žæŽ¥
